01:14:40 **** Build of configuration Debug for project 2T2 ****
make all 
Building file: ../firstTestRun/run1.c
Invoking: GCC C Compiler
gcc -O0 -g3 -Wall -c -fmessage-length=0 -MMD -MP -MF"firstTestRun/run1.d" -MT"firstTestRun/run1.d" -o "firstTestRun/run1.o" "../firstTestRun/run1.c"
Finished building: ../firstTestRun/run1.c
 
Building target: 2T2
Invoking: MacOS X C Linker
gcc  -o "2T2"  ./firstTestRun/run1.o   
Undefined symbols for architecture x86_64:
  "_main", referenced from:
     implicit entry/start for main executable
ld: symbol(s) not found for architecture x86_64
clang: error: linker command failed with exit code 1 (use -v to see invocation)
make: *** [2T2] Error 1

01:14:41 Build Finished (took 1s.697ms)

